[2026-03-08 05:03:28] ERROR: Uncaught Exception {"message":"SQLSTATE[42S22]: Column not found: 1054 Unknown column 'name' in 'field list'","file":"C:\\xampp\\htdocs\\shop_mvc\\app\\Admin\\Models\\UserManager.php","line":29,"trace":"#0 C:\\xampp\\htdocs\\shop_mvc\\app\\Admin\\Models\\UserManager.php(29): PDO->query('\\r\\n            S...')\n#1 C:\\xampp\\htdocs\\shop_mvc\\app\\Admin\\Controllers\\UsersController.php(54): App\\Admin\\Models\\UserManager->getAllUsers()\n#2 C:\\xampp\\htdocs\\shop_mvc\\app\\Helpers\\Router.php(44): App\\Admin\\Controllers\\UsersController->index()\n#3 C:\\xampp\\htdocs\\shop_mvc\\public\\index.php(54): App\\Helpers\\Router->dispatch('GET', '/admin/users')\n#4 {main}"}
[2026-03-08 06:43:35] ERROR: Uncaught Exception {"message":"SQLSTATE[42S22]: Column not found: 1054 Unknown column 'setting_value' in 'field list'","file":"C:\\xampp\\htdocs\\shop_mvc\\app\\Admin\\Models\\DashboardStats.php","line":123,"trace":"#0 C:\\xampp\\htdocs\\shop_mvc\\app\\Admin\\Models\\DashboardStats.php(123): PDOStatement->execute(Array)\n#1 C:\\xampp\\htdocs\\shop_mvc\\app\\Admin\\Models\\DashboardStats.php(94): App\\Admin\\Models\\DashboardStats->getSetting('low_stock_thres...', '3')\n#2 C:\\xampp\\htdocs\\shop_mvc\\app\\Admin\\Controllers\\DashboardController.php(64): App\\Admin\\Models\\DashboardStats->getLowStockProducts()\n#3 C:\\xampp\\htdocs\\shop_mvc\\app\\Helpers\\Router.php(44): App\\Admin\\Controllers\\DashboardController->index()\n#4 C:\\xampp\\htdocs\\shop_mvc\\public\\index.php(54): App\\Helpers\\Router->dispatch('GET', '/admin/dashboar...')\n#5 {main}"}
[2026-03-08 09:15:03] ERROR: PHP Error {"severity":2,"message":"Undefined variable $siteLogo","file":"C:\\xampp\\htdocs\\shop_mvc\\app\\Views\\home\\index.php","line":37}
[2026-03-08 09:15:03] ERROR: PHP Error {"severity":2,"message":"Undefined variable $siteLogo","file":"C:\\xampp\\htdocs\\shop_mvc\\app\\Views\\home\\index.php","line":39}
[2026-03-08 09:15:03] ERROR: PHP Error {"severity":8192,"message":"htmlspecialchars(): Passing null to parameter #1 ($string) of type string is deprecated","file":"C:\\xampp\\htdocs\\shop_mvc\\app\\Views\\home\\index.php","line":39}
[2026-03-08 09:15:03] ERROR: PHP Error {"severity":2,"message":"Undefined variable $siteName","file":"C:\\xampp\\htdocs\\shop_mvc\\app\\Views\\home\\index.php","line":40}
[2026-03-08 09:15:03] ERROR: PHP Error {"severity":8192,"message":"htmlspecialchars(): Passing null to parameter #1 ($string) of type string is deprecated","file":"C:\\xampp\\htdocs\\shop_mvc\\app\\Views\\home\\index.php","line":40}
[2026-03-08 09:15:03] ERROR: PHP Error {"severity":2,"message":"Undefined variable $siteName","file":"C:\\xampp\\htdocs\\shop_mvc\\app\\Views\\home\\index.php","line":47}
[2026-03-08 09:15:03] ERROR: PHP Error {"severity":8192,"message":"htmlspecialchars(): Passing null to parameter #1 ($string) of type string is deprecated","file":"C:\\xampp\\htdocs\\shop_mvc\\app\\Views\\home\\index.php","line":47}
[2026-03-08 09:25:04] ERROR: PHP Error {"severity":2,"message":"Undefined variable $siteName","file":"C:\\xampp\\htdocs\\shop_mvc\\app\\Views\\home\\index.php","line":6}
[2026-03-08 09:25:04] ERROR: PHP Error {"severity":2,"message":"Undefined variable $siteFavicon","file":"C:\\xampp\\htdocs\\shop_mvc\\app\\Views\\home\\index.php","line":8}
[2026-03-08 09:25:04] ERROR: PHP Error {"severity":2,"message":"Undefined variable $siteFavicon","file":"C:\\xampp\\htdocs\\shop_mvc\\app\\Views\\home\\index.php","line":9}
[2026-03-08 09:25:04] ERROR: PHP Error {"severity":8192,"message":"htmlspecialchars(): Passing null to parameter #1 ($string) of type string is deprecated","file":"C:\\xampp\\htdocs\\shop_mvc\\app\\Views\\home\\index.php","line":9}
[2026-03-08 09:25:34] ERROR: PHP Error {"severity":2,"message":"Undefined variable $siteName","file":"C:\\xampp\\htdocs\\shop_mvc\\app\\Views\\home\\index.php","line":6}
[2026-03-08 09:25:52] ERROR: PHP Error {"severity":2,"message":"Undefined variable $siteName","file":"C:\\xampp\\htdocs\\shop_mvc\\app\\Views\\home\\index.php","line":6}
[2026-03-08 09:25:52] ERROR: PHP Error {"severity":2,"message":"Undefined variable $siteFavicon","file":"C:\\xampp\\htdocs\\shop_mvc\\app\\Views\\home\\index.php","line":8}
[2026-03-08 09:25:52] ERROR: PHP Error {"severity":2,"message":"Undefined variable $siteFavicon","file":"C:\\xampp\\htdocs\\shop_mvc\\app\\Views\\home\\index.php","line":9}
[2026-03-08 09:25:52] ERROR: PHP Error {"severity":8192,"message":"htmlspecialchars(): Passing null to parameter #1 ($string) of type string is deprecated","file":"C:\\xampp\\htdocs\\shop_mvc\\app\\Views\\home\\index.php","line":9}
[2026-03-08 09:26:06] ERROR: PHP Error {"severity":2,"message":"Undefined variable $siteName","file":"C:\\xampp\\htdocs\\shop_mvc\\app\\Views\\home\\index.php","line":6}
[2026-03-08 09:26:06] ERROR: PHP Error {"severity":2,"message":"Undefined variable $siteFavicon","file":"C:\\xampp\\htdocs\\shop_mvc\\app\\Views\\home\\index.php","line":8}
[2026-03-08 09:26:06] ERROR: PHP Error {"severity":2,"message":"Undefined variable $siteFavicon","file":"C:\\xampp\\htdocs\\shop_mvc\\app\\Views\\home\\index.php","line":9}
[2026-03-08 09:26:06] ERROR: PHP Error {"severity":8192,"message":"htmlspecialchars(): Passing null to parameter #1 ($string) of type string is deprecated","file":"C:\\xampp\\htdocs\\shop_mvc\\app\\Views\\home\\index.php","line":9}
[2026-03-08 09:26:13] ERROR: PHP Error {"severity":2,"message":"Undefined variable $siteName","file":"C:\\xampp\\htdocs\\shop_mvc\\app\\Views\\home\\index.php","line":6}
[2026-03-08 09:26:13] ERROR: PHP Error {"severity":2,"message":"Undefined variable $siteFavicon","file":"C:\\xampp\\htdocs\\shop_mvc\\app\\Views\\home\\index.php","line":8}
[2026-03-08 09:26:13] ERROR: PHP Error {"severity":2,"message":"Undefined variable $siteFavicon","file":"C:\\xampp\\htdocs\\shop_mvc\\app\\Views\\home\\index.php","line":9}
[2026-03-08 09:26:13] ERROR: PHP Error {"severity":8192,"message":"htmlspecialchars(): Passing null to parameter #1 ($string) of type string is deprecated","file":"C:\\xampp\\htdocs\\shop_mvc\\app\\Views\\home\\index.php","line":9}
[2026-03-08 10:40:03] ERROR: Uncaught Exception {"message":"SQLSTATE[42S22]: Column not found: 1054 Unknown column 'address' in 'field list'","file":"C:\\xampp\\htdocs\\shop_mvc\\app\\Admin\\Models\\Order.php","line":76,"trace":"#0 C:\\xampp\\htdocs\\shop_mvc\\app\\Admin\\Models\\Order.php(76): PDOStatement->execute(Array)\n#1 C:\\xampp\\htdocs\\shop_mvc\\app\\Admin\\Controllers\\OrdersApiController.php(76): App\\Admin\\Models\\Order->findById(21)\n#2 C:\\xampp\\htdocs\\shop_mvc\\app\\Helpers\\Router.php(44): App\\Admin\\Controllers\\OrdersApiController->show()\n#3 C:\\xampp\\htdocs\\shop_mvc\\public\\index.php(54): App\\Helpers\\Router->dispatch('GET', '/admin/api/orde...')\n#4 {main}"}
[2026-03-08 10:40:15] ERROR: Uncaught Exception {"message":"SQLSTATE[42S22]: Column not found: 1054 Unknown column 'address' in 'field list'","file":"C:\\xampp\\htdocs\\shop_mvc\\app\\Admin\\Models\\Order.php","line":76,"trace":"#0 C:\\xampp\\htdocs\\shop_mvc\\app\\Admin\\Models\\Order.php(76): PDOStatement->execute(Array)\n#1 C:\\xampp\\htdocs\\shop_mvc\\app\\Admin\\Controllers\\OrdersApiController.php(76): App\\Admin\\Models\\Order->findById(21)\n#2 C:\\xampp\\htdocs\\shop_mvc\\app\\Helpers\\Router.php(44): App\\Admin\\Controllers\\OrdersApiController->show()\n#3 C:\\xampp\\htdocs\\shop_mvc\\public\\index.php(54): App\\Helpers\\Router->dispatch('GET', '/admin/api/orde...')\n#4 {main}"}
